<?xml version="1.0" encoding="UTF-8" standalone="no"?>
<!DOCTYPE log SYSTEM "logger.dtd">
<log>
<record>
  <date>2018-09-17T16:17:35.063-0300</date>
  <logger>JOSE DAVI DE ARAUJO SOUZA</logger>
  <level>FINE</level>
  <message>File 117210696-JOSE DAVI DE ARAUJO SOUZA.zip was received. It was sent by JOSE DAVI DE ARAUJO SOUZA from IP 150.165.42.164</message>
</record>
</log>
<?xml version="1.0" encoding="UTF-8" standalone="no"?>
<!DOCTYPE log SYSTEM "logger.dtd">
<log>
<record>
  <date>2018-09-18T00:07:02.452-0300</date>
  <logger>JOSE DAVI DE ARAUJO SOUZA</logger>
  <level>FINE</level>
  <message>File 117210696-JOSE DAVI DE ARAUJO SOUZA.zip was received. It was sent by JOSE DAVI DE ARAUJO SOUZA from IP 192.168.0.104</message>
</record>
</log>
<?xml version="1.0" encoding="UTF-8" standalone="no"?>
<!DOCTYPE log SYSTEM "logger.dtd">
<log>
<record>
  <date>2018-09-18T00:08:31.156-0300</date>
  <logger>JOSE DAVI DE ARAUJO SOUZA</logger>
  <level>FINE</level>
  <message>File 117210696-JOSE DAVI DE ARAUJO SOUZA.zip was received. It was sent by JOSE DAVI DE ARAUJO SOUZA from IP 192.168.0.104</message>
</record>
