<?xml version="1.0" encoding="UTF-8" standalone="no"?>
<!DOCTYPE log SYSTEM "logger.dtd">
<log>
<record>
  <date>2018-11-22T14:49:12.762-0300</date>
  <logger>JOSE DAVI DE ARAUJO SOUZA</logger>
  <level>FINE</level>
  <message>File 117210696-JOSE DAVI DE ARAUJO SOUZA.zip was received. It was sent by JOSE DAVI DE ARAUJO SOUZA from IP 192.168.1.104</message>
</record>
</log>
<?xml version="1.0" encoding="UTF-8" standalone="no"?>
<!DOCTYPE log SYSTEM "logger.dtd">
<log>
<record>
  <date>2018-11-24T11:23:39.969-0300</date>
  <logger>JOSE DAVI DE ARAUJO SOUZA</logger>
  <level>FINE</level>
  <message>File 117210696-JOSE DAVI DE ARAUJO SOUZA.zip was received. It was sent by JOSE DAVI DE ARAUJO SOUZA from IP 192.168.1.104</message>
</record>
</log>
<?xml version="1.0" encoding="UTF-8" standalone="no"?>
<!DOCTYPE log SYSTEM "logger.dtd">
<log>
<record>
  <date>2018-11-24T11:24:49.261-0300</date>
  <logger>JOSE DAVI DE ARAUJO SOUZA</logger>
  <level>FINE</level>
  <message>File 117210696-JOSE DAVI DE ARAUJO SOUZA.zip was received. It was sent by JOSE DAVI DE ARAUJO SOUZA from IP 192.168.1.104</message>
</record>
