<?xml version="1.0" encoding="UTF-8" standalone="no"?>
<!DOCTYPE log SYSTEM "logger.dtd">
<log>
<record>
  <date>2018-10-08T16:25:36.346-0300</date>
  <logger>JOSE DAVI DE ARAUJO SOUZA</logger>
  <level>FINE</level>
  <message>File 117210696-JOSE DAVI DE ARAUJO SOUZA.zip was received. It was sent by JOSE DAVI DE ARAUJO SOUZA from IP 10.0.0.102</message>
</record>
</log>
<?xml version="1.0" encoding="UTF-8" standalone="no"?>
<!DOCTYPE log SYSTEM "logger.dtd">
<log>
<record>
  <date>2018-10-09T23:12:40.976-0300</date>
  <logger>JOSE DAVI DE ARAUJO SOUZA</logger>
  <level>FINE</level>
  <message>File 117210696-JOSE DAVI DE ARAUJO SOUZA.zip was received. It was sent by JOSE DAVI DE ARAUJO SOUZA from IP 10.0.0.102</message>
</record>
</log>
<?xml version="1.0" encoding="UTF-8" standalone="no"?>
<!DOCTYPE log SYSTEM "logger.dtd">
<log>
<record>
  <date>2018-10-09T23:13:36.515-0300</date>
  <logger>JOSE DAVI DE ARAUJO SOUZA</logger>
  <level>FINE</level>
  <message>File 117210696-JOSE DAVI DE ARAUJO SOUZA.zip was received. It was sent by JOSE DAVI DE ARAUJO SOUZA from IP 10.0.0.102</message>
</record>
