<?xml version="1.0" encoding="UTF-8" standalone="no"?>
<!DOCTYPE log SYSTEM "logger.dtd">
<log>
<record>
  <date>2018-09-13T14:08:21.105-0300</date>
  <logger>JOSE DAVI DE ARAUJO SOUZA</logger>
  <level>FINE</level>
  <message>File 117210696-JOSE DAVI DE ARAUJO SOUZA.zip was received. It was sent by JOSE DAVI DE ARAUJO SOUZA from IP 150.165.42.169</message>
</record>
</log>
<?xml version="1.0" encoding="UTF-8" standalone="no"?>
<!DOCTYPE log SYSTEM "logger.dtd">
<log>
<record>
  <date>2018-09-13T14:09:09.391-0300</date>
  <logger>JOSE DAVI DE ARAUJO SOUZA</logger>
  <level>FINE</level>
  <message>File 117210696-JOSE DAVI DE ARAUJO SOUZA.zip was received. It was sent by JOSE DAVI DE ARAUJO SOUZA from IP 150.165.42.169</message>
</record>
</log>
<?xml version="1.0" encoding="UTF-8" standalone="no"?>
<!DOCTYPE log SYSTEM "logger.dtd">
<log>
<record>
  <date>2018-09-13T15:47:46.825-0300</date>
  <logger>JOSE DAVI DE ARAUJO SOUZA</logger>
  <level>FINE</level>
  <message>File 117210696-JOSE DAVI DE ARAUJO SOUZA.zip was received. It was sent by JOSE DAVI DE ARAUJO SOUZA from IP 150.165.42.169</message>
</record>
